<?xml version="1.0" encoding="utf-8"?>
<!DOCTYPE coverage SYSTEM "http://cobertura.sourceforge.net/xml/coverage-04.dtd">
<coverage line-rate="0.921052631578947" branch-rate="1" lines-covered="35" lines-valid="38" branches-covered="6" branches-valid="6" complexity="14" version="0" timestamp="1701916216">
  <sources>
    <source>E:\EpsiFund\TaskFindElement\</source>
    <source>C:\</source>
  </sources>
  <packages>
    <package name="FindElement" line-rate="0.875" branch-rate="1" complexity="7">
      <classes>
        <class name="FindElement.BinarySearch" filename="E:\EpsiFund\TaskFindElement\FindElement\BinarySearch.cs" line-rate="1" branch-rate="1" complexity="6">
          <methods>
            <method name="FindElement" signature="(...)" line-rate="1" branch-rate="1" complexity="6">
              <lines>
                <line number="6" hits="5" branch="false" />
                <line number="7" hits="5" branch="false" />
                <line number="8" hits="5" branch="false" />
                <line number="10" hits="17" branch="true" condition-coverage="100% (2/2)" />
                <line number="11" hits="16" branch="false" />
                <line number="12" hits="16" branch="false" />
                <line number="13" hits="16" branch="true" condition-coverage="100% (2/2)" />
                <line number="14" hits="4" branch="false" />
                <line number="15" hits="12" branch="true" condition-coverage="100% (2/2)" />
                <line number="16" hits="9" branch="false" />
                <line number="18" hits="3" branch="false" />
                <line number="19" hits="12" branch="false" />
                <line number="20" hits="1" branch="false" />
                <line number="21" hits="5" branch="false" />
              </lines>
            </method>
          </methods>
          <lines>
            <line number="6" hits="5" branch="false" />
            <line number="7" hits="5" branch="false" />
            <line number="8" hits="5" branch="false" />
            <line number="10" hits="17" branch="true" condition-coverage="100% (2/2)" />
            <line number="11" hits="16" branch="false" />
            <line number="12" hits="16" branch="false" />
            <line number="13" hits="16" branch="true" condition-coverage="100% (2/2)" />
            <line number="14" hits="4" branch="false" />
            <line number="15" hits="12" branch="true" condition-coverage="100% (2/2)" />
            <line number="16" hits="9" branch="false" />
            <line number="18" hits="3" branch="false" />
            <line number="19" hits="12" branch="false" />
            <line number="20" hits="1" branch="false" />
            <line number="21" hits="5" branch="false" />
          </lines>
        </class>
        <class name="FindElement.Program" filename="E:\EpsiFund\TaskFindElement\FindElement\Program.cs" line-rate="0" branch-rate="1" complexity="1">
          <methods>
            <method name="Main" signature="(...)" line-rate="0" branch-rate="1" complexity="1">
              <lines>
                <line number="6" hits="0" branch="false" />
                <line number="7" hits="0" branch="false" />
              </lines>
            </method>
          </methods>
          <lines>
            <line number="6" hits="0" branch="false" />
            <line number="7" hits="0" branch="false" />
          </lines>
        </class>
      </classes>
    </package>
    <package name="Tests" line-rate="0.954545454545455" branch-rate="1" complexity="7">
      <classes>
        <class name="AutoGeneratedProgram" filename="C:\Users\dotad\.nuget\packages\microsoft.net.test.sdk\17.5.0\build\netcoreapp3.1\Microsoft.NET.Test.Sdk.Program.cs" line-rate="0" branch-rate="1" complexity="1">
          <methods>
            <method name="Main" signature="(...)" line-rate="0" branch-rate="1" complexity="1">
              <lines>
                <line number="4" hits="0" branch="false" />
              </lines>
            </method>
          </methods>
          <lines>
            <line number="4" hits="0" branch="false" />
          </lines>
        </class>
        <class name="Tests.BinarySearchTests" filename="E:\EpsiFund\TaskFindElement\Tests\BinarySearchTests.cs" line-rate="1" branch-rate="1" complexity="6">
          <methods>
            <method name="FindElementReturnCorrectIndex" signature="()" line-rate="1" branch-rate="1" complexity="1">
              <lines>
                <line number="11" hits="1" branch="false" />
                <line number="12" hits="1" branch="false" />
                <line number="14" hits="1" branch="false" />
                <line number="15" hits="1" branch="false" />
              </lines>
            </method>
            <method name="FindElementReturnMinusOne" signature="()" line-rate="1" branch-rate="1" complexity="1">
              <lines>
                <line number="19" hits="1" branch="false" />
                <line number="20" hits="1" branch="false" />
                <line number="22" hits="1" branch="false" />
                <line number="23" hits="1" branch="false" />
              </lines>
            </method>
            <method name="FindFirstElementReturnCorrectIndex" signature="()" line-rate="1" branch-rate="1" complexity="1">
              <lines>
                <line number="27" hits="1" branch="false" />
                <line number="28" hits="1" branch="false" />
                <line number="30" hits="1" branch="false" />
                <line number="31" hits="1" branch="false" />
              </lines>
            </method>
            <method name="FindLastElementReturnCorrectIndex" signature="()" line-rate="1" branch-rate="1" complexity="1">
              <lines>
                <line number="35" hits="1" branch="false" />
                <line number="36" hits="1" branch="false" />
                <line number="38" hits="1" branch="false" />
                <line number="39" hits="1" branch="false" />
              </lines>
            </method>
            <method name="FindMiddleElementReturnCorrectIndex" signature="()" line-rate="1" branch-rate="1" complexity="1">
              <lines>
                <line number="43" hits="1" branch="false" />
                <line number="44" hits="1" branch="false" />
                <line number="46" hits="1" branch="false" />
                <line number="47" hits="1" branch="false" />
              </lines>
            </method>
            <method name=".ctor" signature="()" line-rate="1" branch-rate="1" complexity="1">
              <lines>
                <line number="8" hits="5" branch="false" />
              </lines>
            </method>
          </methods>
          <lines>
            <line number="8" hits="5" branch="false" />
            <line number="11" hits="1" branch="false" />
            <line number="12" hits="1" branch="false" />
            <line number="14" hits="1" branch="false" />
            <line number="15" hits="1" branch="false" />
            <line number="19" hits="1" branch="false" />
            <line number="20" hits="1" branch="false" />
            <line number="22" hits="1" branch="false" />
            <line number="23" hits="1" branch="false" />
            <line number="27" hits="1" branch="false" />
            <line number="28" hits="1" branch="false" />
            <line number="30" hits="1" branch="false" />
            <line number="31" hits="1" branch="false" />
            <line number="35" hits="1" branch="false" />
            <line number="36" hits="1" branch="false" />
            <line number="38" hits="1" branch="false" />
            <line number="39" hits="1" branch="false" />
            <line number="43" hits="1" branch="false" />
            <line number="44" hits="1" branch="false" />
            <line number="46" hits="1" branch="false" />
            <line number="47" hits="1" branch="false" />
          </lines>
        </class>
      </classes>
    </package>
  </packages>
</coverage>